<?xml version="1.0" encoding="UTF-8"?>
<testng-results skipped="0" failed="2" total="2" passed="0">
  <reporter-output>
  </reporter-output>
  <suite name="Suite" duration-ms="35881" started-at="2017-03-16T18:36:00Z" finished-at="2017-03-16T18:36:36Z">
    <groups>
    </groups>
    <test name="Test" duration-ms="35881" started-at="2017-03-16T18:36:00Z" finished-at="2017-03-16T18:36:36Z">
      <class name="com.seleniumeasy.tests.NewTest">
        <test-method status="PASS" signature="beforeSuite()[pri:0, instance:com.seleniumeasy.tests.NewTest@f67ac7]" name="beforeSuite" is-config="true" duration-ms="15" started-at="2017-03-17T00:06:00Z" finished-at="2017-03-17T00:06:00Z">
          <reporter-output>
          </reporter-output>
        </test-method> <!-- beforeSuite -->
        <test-method status="PASS" signature="beforeTest()[pri:0, instance:com.seleniumeasy.tests.NewTest@f67ac7]" name="beforeTest" is-config="true" duration-ms="0" started-at="2017-03-17T00:06:00Z" finished-at="2017-03-17T00:06:00Z">
          <reporter-output>
          </reporter-output>
        </test-method> <!-- beforeTest -->
        <test-method status="PASS" signature="beforeClass()[pri:0, instance:com.seleniumeasy.tests.NewTest@f67ac7]" name="beforeClass" is-config="true" duration-ms="0" started-at="2017-03-17T00:06:00Z" finished-at="2017-03-17T00:06:00Z">
          <reporter-output>
          </reporter-output>
        </test-method> <!-- beforeClass -->
        <test-method status="PASS" signature="beforeMethod()[pri:0, instance:com.seleniumeasy.tests.NewTest@f67ac7]" name="beforeMethod" is-config="true" duration-ms="14372" started-at="2017-03-17T00:06:00Z" finished-at="2017-03-17T00:06:15Z">
          <reporter-output>
          </reporter-output>
        </test-method> <!-- beforeMethod -->
        <test-method status="FAIL" signature="f()[pri:0, instance:com.seleniumeasy.tests.NewTest@f67ac7]" name="f" duration-ms="2084" started-at="2017-03-17T00:06:15Z" finished-at="2017-03-17T00:06:17Z">
          <exception class="java.lang.AssertionError">
            <message>
              <![CDATA[Wrong message expected [sandip singh] but found [sandip]]]>
            </message>
            <full-stacktrace>
              <![CDATA[java.lang.AssertionError: Wrong message expected [sandip singh] but found [sandip]
	at org.testng.Assert.fail(Assert.java:94)
	at org.testng.Assert.failNotEquals(Assert.java:494)
	at org.testng.Assert.assertEquals(Assert.java:123)
	at org.testng.Assert.assertEquals(Assert.java:176)
	at com.seleniumeasy.tests.NewTest.f(NewTest.java:72)
	at sun.reflect.NativeMethodAccessorImpl.invoke0(Native Method)
	at sun.reflect.NativeMethodAccessorImpl.invoke(Unknown Source)
	at sun.reflect.DelegatingMethodAccessorImpl.invoke(Unknown Source)
	at java.lang.reflect.Method.invoke(Unknown Source)
	at org.testng.internal.MethodInvocationHelper.invokeMethod(MethodInvocationHelper.java:84)
	at org.testng.internal.Invoker.invokeMethod(Invoker.java:714)
	at org.testng.internal.Invoker.invokeTestMethod(Invoker.java:901)
	at org.testng.internal.Invoker.invokeTestMethods(Invoker.java:1231)
	at org.testng.internal.TestMethodWorker.invokeTestMethods(TestMethodWorker.java:127)
	at org.testng.internal.TestMethodWorker.run(TestMethodWorker.java:111)
	at org.testng.TestRunner.privateRun(TestRunner.java:767)
	at org.testng.TestRunner.run(TestRunner.java:617)
	at org.testng.SuiteRunner.runTest(SuiteRunner.java:334)
	at org.testng.SuiteRunner.runSequentially(SuiteRunner.java:329)
	at org.testng.SuiteRunner.privateRun(SuiteRunner.java:291)
	at org.testng.SuiteRunner.run(SuiteRunner.java:240)
	at org.testng.SuiteRunnerWorker.runSuite(SuiteRunnerWorker.java:52)
	at org.testng.SuiteRunnerWorker.run(SuiteRunnerWorker.java:86)
	at org.testng.TestNG.runSuitesSequentially(TestNG.java:1224)
	at org.testng.TestNG.runSuitesLocally(TestNG.java:1149)
	at org.testng.TestNG.run(TestNG.java:1057)
	at org.testng.remote.RemoteTestNG.run(RemoteTestNG.java:111)
	at org.testng.remote.RemoteTestNG.initAndRun(RemoteTestNG.java:204)
	at org.testng.remote.RemoteTestNG.main(RemoteTestNG.java:175)
]]>
            </full-stacktrace>
          </exception> <!-- java.lang.AssertionError -->
          <reporter-output>
          </reporter-output>
        </test-method> <!-- f -->
        <test-method status="PASS" signature="afterMethod()[pri:0, instance:com.seleniumeasy.tests.NewTest@f67ac7]" name="afterMethod" is-config="true" duration-ms="1369" started-at="2017-03-17T00:06:17Z" finished-at="2017-03-17T00:06:18Z">
          <reporter-output>
          </reporter-output>
        </test-method> <!-- afterMethod -->
        <test-method status="PASS" signature="beforeMethod()[pri:0, instance:com.seleniumeasy.tests.NewTest@f67ac7]" name="beforeMethod" is-config="true" duration-ms="14915" started-at="2017-03-17T00:06:18Z" finished-at="2017-03-17T00:06:33Z">
          <reporter-output>
          </reporter-output>
        </test-method> <!-- beforeMethod -->
        <test-method status="FAIL" signature="f1()[pri:0, instance:com.seleniumeasy.tests.NewTest@f67ac7]" name="f1" duration-ms="1745" started-at="2017-03-17T00:06:33Z" finished-at="2017-03-17T00:06:35Z">
          <exception class="java.lang.AssertionError">
            <message>
              <![CDATA[Wrong message expected [sandip singh] but found [sandip]]]>
            </message>
            <full-stacktrace>
              <![CDATA[java.lang.AssertionError: Wrong message expected [sandip singh] but found [sandip]
	at org.testng.Assert.fail(Assert.java:94)
	at org.testng.Assert.failNotEquals(Assert.java:494)
	at org.testng.Assert.assertEquals(Assert.java:123)
	at org.testng.Assert.assertEquals(Assert.java:176)
	at com.seleniumeasy.tests.NewTest.f1(NewTest.java:51)
	at sun.reflect.NativeMethodAccessorImpl.invoke0(Native Method)
	at sun.reflect.NativeMethodAccessorImpl.invoke(Unknown Source)
	at sun.reflect.DelegatingMethodAccessorImpl.invoke(Unknown Source)
	at java.lang.reflect.Method.invoke(Unknown Source)
	at org.testng.internal.MethodInvocationHelper.invokeMethod(MethodInvocationHelper.java:84)
	at org.testng.internal.Invoker.invokeMethod(Invoker.java:714)
	at org.testng.internal.Invoker.invokeTestMethod(Invoker.java:901)
	at org.testng.internal.Invoker.invokeTestMethods(Invoker.java:1231)
	at org.testng.internal.TestMethodWorker.invokeTestMethods(TestMethodWorker.java:127)
	at org.testng.internal.TestMethodWorker.run(TestMethodWorker.java:111)
	at org.testng.TestRunner.privateRun(TestRunner.java:767)
	at org.testng.TestRunner.run(TestRunner.java:617)
	at org.testng.SuiteRunner.runTest(SuiteRunner.java:334)
	at org.testng.SuiteRunner.runSequentially(SuiteRunner.java:329)
	at org.testng.SuiteRunner.privateRun(SuiteRunner.java:291)
	at org.testng.SuiteRunner.run(SuiteRunner.java:240)
	at org.testng.SuiteRunnerWorker.runSuite(SuiteRunnerWorker.java:52)
	at org.testng.SuiteRunnerWorker.run(SuiteRunnerWorker.java:86)
	at org.testng.TestNG.runSuitesSequentially(TestNG.java:1224)
	at org.testng.TestNG.runSuitesLocally(TestNG.java:1149)
	at org.testng.TestNG.run(TestNG.java:1057)
	at org.testng.remote.RemoteTestNG.run(RemoteTestNG.java:111)
	at org.testng.remote.RemoteTestNG.initAndRun(RemoteTestNG.java:204)
	at org.testng.remote.RemoteTestNG.main(RemoteTestNG.java:175)
]]>
            </full-stacktrace>
          </exception> <!-- java.lang.AssertionError -->
          <reporter-output>
          </reporter-output>
        </test-method> <!-- f1 -->
        <test-method status="PASS" signature="afterMethod()[pri:0, instance:com.seleniumeasy.tests.NewTest@f67ac7]" name="afterMethod" is-config="true" duration-ms="1373" started-at="2017-03-17T00:06:35Z" finished-at="2017-03-17T00:06:36Z">
          <reporter-output>
          </reporter-output>
        </test-method> <!-- afterMethod -->
        <test-method status="PASS" signature="afterClass()[pri:0, instance:com.seleniumeasy.tests.NewTest@f67ac7]" name="afterClass" is-config="true" duration-ms="0" started-at="2017-03-17T00:06:36Z" finished-at="2017-03-17T00:06:36Z">
          <reporter-output>
          </reporter-output>
        </test-method> <!-- afterClass -->
        <test-method status="PASS" signature="afterTest()[pri:0, instance:com.seleniumeasy.tests.NewTest@f67ac7]" name="afterTest" is-config="true" duration-ms="0" started-at="2017-03-17T00:06:36Z" finished-at="2017-03-17T00:06:36Z">
          <reporter-output>
          </reporter-output>
        </test-method> <!-- afterTest -->
        <test-method status="PASS" signature="afterSuite()[pri:0, instance:com.seleniumeasy.tests.NewTest@f67ac7]" name="afterSuite" is-config="true" duration-ms="1" started-at="2017-03-17T00:06:36Z" finished-at="2017-03-17T00:06:36Z">
          <reporter-output>
          </reporter-output>
        </test-method> <!-- afterSuite -->
      </class> <!-- com.seleniumeasy.tests.NewTest -->
    </test> <!-- Test -->
  </suite> <!-- Suite -->
</testng-results>
