<?xml version="1.0" encoding="UTF-8"?>
<!-- Generated by org.testng.reporters.JUnitXMLReporter -->
<testsuite hostname="supriya" name="Test" tests="2" failures="2" timestamp="19 Mar 2017 18:46:36 GMT" time="38.578" errors="0">
  <testcase name="f" time="2.044" classname="com.seleniumeasy.tests.NewTest">
    <failure type="java.lang.AssertionError" message="Wrong message expected [sandip singh] but found [sandip]">
      <![CDATA[java.lang.AssertionError: Wrong message expected [sandip singh] but found [sandip]
	at com.seleniumeasy.tests.NewTest.f(NewTest.java:72)
... Removed 28 stack frames]]>
    </failure>
  </testcase> <!-- f -->
  <testcase name="f1" time="1.91" classname="com.seleniumeasy.tests.NewTest">
    <failure type="java.lang.AssertionError" message="Wrong message expected [sandip singh] but found [sandip]">
      <![CDATA[java.lang.AssertionError: Wrong message expected [sandip singh] but found [sandip]
	at com.seleniumeasy.tests.NewTest.f1(NewTest.java:51)
... Removed 28 stack frames]]>
    </failure>
  </testcase> <!-- f1 -->
</testsuite> <!-- Test -->
